<?xml version="1.0" encoding="UTF-8"?>
<testsuite xmlns:xsi="http://www.w3.org/2001/XMLSchema-instance" xsi:noNamespaceSchemaLocation="https://maven.apache.org/surefire/maven-surefire-plugin/xsd/surefire-test-report.xsd" version="3.0.2" name="com.datanexus.jdbcbridge.JdbcBridgeExceptionHandlerTest" time="0.005" tests="4" errors="0" skipped="0" failures="0">
  <properties>
[...]
</properties>
  <testcase name="ordinarySyntaxFailureIsNotRetryable" classname="com.datanexus.jdbcbridge.JdbcBridgeExceptionHandlerTest" time="0.001"/>
  <testcase name="transientConnectionFailureIsRetryable" classname="com.datanexus.jdbcbridge.JdbcBridgeExceptionHandlerTest" time="0.0"/>
  <testcase name="transactionRollbackStateIsRetryable" classname="com.datanexus.jdbcbridge.JdbcBridgeExceptionHandlerTest" time="0.0"/>
  <testcase name="timeoutIsRetryableAndSanitized" classname="com.datanexus.jdbcbridge.JdbcBridgeExceptionHandlerTest" time="0.001"/>
</testsuite>