<?xml version="1.0" encoding="UTF-8"?>
<testsuite xmlns:xsi="http://www.w3.org/2001/XMLSchema-instance" xsi:noNamespaceSchemaLocation="https://maven.apache.org/surefire/maven-surefire-plugin/xsd/surefire-test-report.xsd" version="3.0.2" name="com.datanexus.jdbcbridge.JdbcBridgeControllerTest" time="3.986" tests="9" errors="0" skipped="0" failures="0">
  <properties>
[...]
</properties>
  <testcase name="rejectsUnsafeIdentifiers" classname="com.datanexus.jdbcbridge.JdbcBridgeControllerTest" time="3.078">
    <system-out><![CDATA[00:16:26.478 [main] INFO org.hibernate.validator.internal.util.Version -- HV000001: Hibernate Validator 8.0.3.Final
00:16:26.942 [main] INFO org.springframework.mock.web.MockServletContext -- Initializing Spring TestDispatcherServlet ''
00:16:26.943 [main] INFO org.springframework.test.web.servlet.TestDispatcherServlet -- Initializing Servlet ''
00:16:26.946 [main] INFO org.springframework.test.web.servlet.TestDispatcherServlet -- Completed initialization in 2 ms
00:16:27.136 [main] WARN org.springframework.web.servlet.mvc.support.DefaultHandlerExceptionResolver -- Resolved [org.springframework.web.bind.MethodArgumentNotValidException: Validation failed for argument [0] in public com.datanexus.jdbcbridge.JdbcBridgeController$QueryResponse com.datanexus.jdbcbridge.JdbcBridgeController.query(com.datanexus.jdbcbridge.JdbcBridgeController$JdbcQueryRequest) throws java.lang.Exception: [Field error in object 'jdbcQueryRequest' on field 'schema': rejected value [PUBLIC;DROP TABLE customers]; codes [Pattern.jdbcQueryRequest.schema,Pattern.schema,Pattern.java.lang.String,Pattern]; arguments [org.springframework.context.support.DefaultMessageSourceResolvable: codes [jdbcQueryRequest.schema,schema]; arguments []; default message [schema],[Ljakarta.validation.constraints.Pattern$Flag;@6dbb3d7d,[A-Za-z_][A-Za-z0-9_$#@-]*]; default message [must match "[A-Za-z_][A-Za-z0-9_$#@-]*"]] ]
]]></system-out>
    <system-err><![CDATA[Mockito is currently self-attaching to enable the inline-mock-maker. This will no longer work in future releases of the JDK. Please add Mockito as an agent to your build as described in Mockito's documentation: https://javadoc.io/doc/org.mockito/mockito-core/latest/org.mockito/org/mockito/Mockito.html#0.3
WARNING: A Java agent has been loaded dynamically (/home/runner/.m2/repository/net/bytebuddy/byte-buddy-agent/1.17.7/byte-buddy-agent-1.17.7.jar)
WARNING: If a serviceability tool is in use, please run with -XX:+EnableDynamicAgentLoading to hide this warning
WARNING: If a serviceability tool is not in use, please run with -Djdk.instrument.traceUsage for more information
WARNING: Dynamic loading of agents will be disallowed by default in a future release
]]></system-err>
  </testcase>
  <testcase name="discoversSchemasTablesAndViewsWithoutReturningSystemSchemas" classname="com.datanexus.jdbcbridge.JdbcBridgeControllerTest" time="0.212">
    <system-out><![CDATA[00:16:27.300 [main] INFO org.springframework.mock.web.MockServletContext -- Initializing Spring TestDispatcherServlet ''
00:16:27.300 [main] INFO org.springframework.test.web.servlet.TestDispatcherServlet -- Initializing Servlet ''
00:16:27.300 [main] INFO org.springframework.test.web.servlet.TestDispatcherServlet -- Completed initialization in 0 ms
]]></system-out>
  </testcase>
  <testcase name="extractsViewTransformationLogicForLineage" classname="com.datanexus.jdbcbridge.JdbcBridgeControllerTest" time="0.132">
    <system-out><![CDATA[00:16:27.467 [main] INFO org.springframework.mock.web.MockServletContext -- Initializing Spring TestDispatcherServlet ''
00:16:27.467 [main] INFO org.springframework.test.web.servlet.TestDispatcherServlet -- Initializing Servlet ''
00:16:27.467 [main] INFO org.springframework.test.web.servlet.TestDispatcherServlet -- Completed initialization in 0 ms
]]></system-out>
  </testcase>
  <testcase name="honorsRequestedSamplingRowsWithoutBusinessQuota" classname="com.datanexus.jdbcbridge.JdbcBridgeControllerTest" time="0.226">
    <system-out><![CDATA[00:16:27.587 [main] INFO org.springframework.mock.web.MockServletContext -- Initializing Spring TestDispatcherServlet ''
00:16:27.587 [main] INFO org.springframework.test.web.servlet.TestDispatcherServlet -- Initializing Servlet ''
00:16:27.587 [main] INFO org.springframework.test.web.servlet.TestDispatcherServlet -- Completed initialization in 0 ms
]]></system-out>
  </testcase>
  <testcase name="rejectsOracleThinCredentials" classname="com.datanexus.jdbcbridge.JdbcBridgeControllerTest" time="0.084">
    <system-out><![CDATA[00:16:27.803 [main] INFO org.springframework.mock.web.MockServletContext -- Initializing Spring TestDispatcherServlet ''
00:16:27.804 [main] INFO org.springframework.test.web.servlet.TestDispatcherServlet -- Initializing Servlet ''
00:16:27.804 [main] INFO org.springframework.test.web.servlet.TestDispatcherServlet -- Completed initialization in 0 ms
]]></system-out>
  </testcase>
  <testcase name="rejectsNonJdbcUrl" classname="com.datanexus.jdbcbridge.JdbcBridgeControllerTest" time="0.069">
    <system-out><![CDATA[00:16:27.867 [main] INFO org.springframework.mock.web.MockServletContext -- Initializing Spring TestDispatcherServlet ''
00:16:27.867 [main] INFO org.springframework.test.web.servlet.TestDispatcherServlet -- Initializing Servlet ''
00:16:27.867 [main] INFO org.springframework.test.web.servlet.TestDispatcherServlet -- Completed initialization in 0 ms
]]></system-out>
  </testcase>
  <testcase name="rejectsEmbeddedJdbcCredentials" classname="com.datanexus.jdbcbridge.JdbcBridgeControllerTest" time="0.054">
    <system-out><![CDATA[00:16:27.929 [main] INFO org.springframework.mock.web.MockServletContext -- Initializing Spring TestDispatcherServlet ''
00:16:27.929 [main] INFO org.springframework.test.web.servlet.TestDispatcherServlet -- Initializing Servlet ''
00:16:27.929 [main] INFO org.springframework.test.web.servlet.TestDispatcherServlet -- Completed initialization in 0 ms
]]></system-out>
  </testcase>
  <testcase name="rejectsQueryStringCredentialProperties" classname="com.datanexus.jdbcbridge.JdbcBridgeControllerTest" time="0.057">
    <system-out><![CDATA[00:16:27.989 [main] INFO org.springframework.mock.web.MockServletContext -- Initializing Spring TestDispatcherServlet ''
00:16:27.989 [main] INFO org.springframework.test.web.servlet.TestDispatcherServlet -- Initializing Servlet ''
00:16:27.989 [main] INFO org.springframework.test.web.servlet.TestDispatcherServlet -- Completed initialization in 0 ms
]]></system-out>
  </testcase>
  <testcase name="rejectsSqlServerCredentialProperties" classname="com.datanexus.jdbcbridge.JdbcBridgeControllerTest" time="0.043">
    <system-out><![CDATA[00:16:28.031 [main] INFO org.springframework.mock.web.MockServletContext -- Initializing Spring TestDispatcherServlet ''
00:16:28.031 [main] INFO org.springframework.test.web.servlet.TestDispatcherServlet -- Initializing Servlet ''
00:16:28.031 [main] INFO org.springframework.test.web.servlet.TestDispatcherServlet -- Completed initialization in 0 ms
]]></system-out>
  </testcase>
</testsuite>